{"/home/thom/github/mygit/test/web/node/express/learn/app.js":{"path":"/home/thom/github/mygit/test/web/node/express/learn/app.js","s":{"1":1,"2":1,"3":1,"4":1,"5":0,"6":0,"7":0,"8":0,"9":0,"10":1,"11":1,"12":1,"13":0,"14":0,"15":0,"16":0,"17":0,"18":0,"19":0,"20":0,"21":0,"22":1,"23":1,"24":1,"25":1,"26":1,"27":0,"28":0,"29":0,"30":0,"31":0,"32":0,"33":0,"34":0,"35":0,"36":0,"37":0,"38":0,"39":0,"40":0,"41":0,"42":0,"43":0,"44":0,"45":0,"46":0,"47":0,"48":0,"49":0,"50":0,"51":0,"52":0,"53":0,"54":0,"55":0,"56":0,"57":0,"58":0,"59":0,"60":0,"61":0,"62":0,"63":1,"64":179,"65":0,"66":179,"67":0,"68":179,"69":179,"70":35,"71":144,"72":56,"73":88,"74":1,"75":3,"76":0,"77":3,"78":3,"79":3,"80":0,"81":1,"82":1,"83":1},"b":{"1":[0,0],"2":[0,0],"3":[0,0],"4":[0,179],"5":[179,179],"6":[0,179],"7":[0,179],"8":[35,144],"9":[56,88],"10":[0,3]},"f":{"1":0,"2":0,"3":0,"4":0,"5":0,"6":0,"7":0,"8":0,"9":0,"10":0,"11":0,"12":0,"13":0,"14":0,"15":179,"16":3,"17":1},"fnMap":{"1":{"name":"(anonymous_1)","line":7,"loc":{"start":{"line":7,"column":13},"end":{"line":7,"column":31}}},"2":{"name":"(anonymous_2)","line":25,"loc":{"start":{"line":25,"column":18},"end":{"line":25,"column":37}}},"3":{"name":"(anonymous_3)","line":27,"loc":{"start":{"line":27,"column":9},"end":{"line":27,"column":29}}},"4":{"name":"(anonymous_4)","line":34,"loc":{"start":{"line":34,"column":41},"end":{"line":34,"column":64}}},"5":{"name":"(anonymous_5)","line":56,"loc":{"start":{"line":56,"column":7},"end":{"line":56,"column":26}}},"6":{"name":"(anonymous_6)","line":64,"loc":{"start":{"line":64,"column":39},"end":{"line":64,"column":63}}},"7":{"name":"(anonymous_7)","line":77,"loc":{"start":{"line":77,"column":45},"end":{"line":77,"column":62}}},"8":{"name":"(anonymous_8)","line":78,"loc":{"start":{"line":78,"column":26},"end":{"line":78,"column":46}}},"9":{"name":"(anonymous_9)","line":93,"loc":{"start":{"line":93,"column":22},"end":{"line":93,"column":42}}},"10":{"name":"(anonymous_10)","line":95,"loc":{"start":{"line":95,"column":13},"end":{"line":95,"column":32}}},"11":{"name":"(anonymous_11)","line":104,"loc":{"start":{"line":104,"column":19},"end":{"line":104,"column":43}}},"12":{"name":"(anonymous_12)","line":109,"loc":{"start":{"line":109,"column":13},"end":{"line":109,"column":32}}},"13":{"name":"(anonymous_13)","line":120,"loc":{"start":{"line":120,"column":33},"end":{"line":120,"column":57}}},"14":{"name":"(anonymous_14)","line":122,"loc":{"start":{"line":122,"column":7},"end":{"line":122,"column":29}}},"15":{"name":"(anonymous_15)","line":129,"loc":{"start":{"line":129,"column":16},"end":{"line":129,"column":28}}},"16":{"name":"(anonymous_16)","line":153,"loc":{"start":{"line":153,"column":16},"end":{"line":153,"column":35}}},"17":{"name":"(anonymous_17)","line":172,"loc":{"start":{"line":172,"column":17},"end":{"line":172,"column":28}}}},"statementMap":{"1":{"start":{"line":1,"column":0},"end":{"line":1,"column":33}},"2":{"start":{"line":3,"column":0},"end":{"line":3,"column":33}},"3":{"start":{"line":5,"column":0},"end":{"line":5,"column":20}},"4":{"start":{"line":7,"column":0},"end":{"line":20,"column":3}},"5":{"start":{"line":11,"column":2},"end":{"line":11,"column":22}},"6":{"start":{"line":13,"column":2},"end":{"line":18,"column":3}},"7":{"start":{"line":14,"column":4},"end":{"line":14,"column":34}},"8":{"start":{"line":15,"column":4},"end":{"line":15,"column":23}},"9":{"start":{"line":17,"column":4},"end":{"line":17,"column":33}},"10":{"start":{"line":22,"column":0},"end":{"line":22,"column":39}},"11":{"start":{"line":23,"column":0},"end":{"line":23,"column":33}},"12":{"start":{"line":25,"column":0},"end":{"line":46,"column":3}},"13":{"start":{"line":26,"column":2},"end":{"line":43,"column":6}},"14":{"start":{"line":28,"column":6},"end":{"line":30,"column":7}},"15":{"start":{"line":29,"column":8},"end":{"line":29,"column":25}},"16":{"start":{"line":32,"column":6},"end":{"line":32,"column":38}},"17":{"start":{"line":33,"column":6},"end":{"line":33,"column":21}},"18":{"start":{"line":34,"column":6},"end":{"line":40,"column":9}},"19":{"start":{"line":35,"column":8},"end":{"line":35,"column":34}},"20":{"start":{"line":36,"column":8},"end":{"line":39,"column":11}},"21":{"start":{"line":42,"column":6},"end":{"line":42,"column":22}},"22":{"start":{"line":48,"column":0},"end":{"line":48,"column":25}},"23":{"start":{"line":49,"column":0},"end":{"line":49,"column":39}},"24":{"start":{"line":51,"column":0},"end":{"line":51,"column":37}},"25":{"start":{"line":53,"column":0},"end":{"line":53,"column":29}},"26":{"start":{"line":55,"column":0},"end":{"line":127,"column":5}},"27":{"start":{"line":57,"column":4},"end":{"line":59,"column":5}},"28":{"start":{"line":58,"column":6},"end":{"line":58,"column":32}},"29":{"start":{"line":61,"column":4},"end":{"line":61,"column":23}},"30":{"start":{"line":62,"column":4},"end":{"line":62,"column":35}},"31":{"start":{"line":64,"column":4},"end":{"line":69,"column":7}},"32":{"start":{"line":65,"column":6},"end":{"line":65,"column":32}},"33":{"start":{"line":67,"column":6},"end":{"line":67,"column":62}},"34":{"start":{"line":68,"column":6},"end":{"line":68,"column":27}},"35":{"start":{"line":71,"column":4},"end":{"line":71,"column":27}},"36":{"start":{"line":75,"column":4},"end":{"line":75,"column":30}},"37":{"start":{"line":77,"column":4},"end":{"line":91,"column":7}},"38":{"start":{"line":78,"column":6},"end":{"line":87,"column":9}},"39":{"start":{"line":79,"column":8},"end":{"line":79,"column":36}},"40":{"start":{"line":80,"column":8},"end":{"line":80,"column":37}},"41":{"start":{"line":81,"column":8},"end":{"line":81,"column":40}},"42":{"start":{"line":82,"column":8},"end":{"line":86,"column":11}},"43":{"start":{"line":89,"column":6},"end":{"line":89,"column":40}},"44":{"start":{"line":90,"column":6},"end":{"line":90,"column":26}},"45":{"start":{"line":93,"column":4},"end":{"line":99,"column":6}},"46":{"start":{"line":94,"column":6},"end":{"line":98,"column":10}},"47":{"start":{"line":96,"column":10},"end":{"line":96,"column":59}},"48":{"start":{"line":97,"column":10},"end":{"line":97,"column":54}},"49":{"start":{"line":102,"column":4},"end":{"line":102,"column":29}},"50":{"start":{"line":104,"column":4},"end":{"line":118,"column":6}},"51":{"start":{"line":105,"column":6},"end":{"line":105,"column":65}},"52":{"start":{"line":106,"column":6},"end":{"line":106,"column":26}},"53":{"start":{"line":107,"column":6},"end":{"line":107,"column":85}},"54":{"start":{"line":108,"column":6},"end":{"line":117,"column":11}},"55":{"start":{"line":110,"column":10},"end":{"line":110,"column":45}},"56":{"start":{"line":111,"column":10},"end":{"line":111,"column":41}},"57":{"start":{"line":112,"column":10},"end":{"line":115,"column":11}},"58":{"start":{"line":116,"column":10},"end":{"line":116,"column":32}},"59":{"start":{"line":120,"column":4},"end":{"line":125,"column":6}},"60":{"start":{"line":121,"column":6},"end":{"line":121,"column":30}},"61":{"start":{"line":123,"column":6},"end":{"line":123,"column":35}},"62":{"start":{"line":124,"column":6},"end":{"line":124,"column":50}},"63":{"start":{"line":129,"column":0},"end":{"line":151,"column":2}},"64":{"start":{"line":130,"column":2},"end":{"line":132,"column":3}},"65":{"start":{"line":131,"column":4},"end":{"line":131,"column":44}},"66":{"start":{"line":134,"column":2},"end":{"line":136,"column":3}},"67":{"start":{"line":135,"column":4},"end":{"line":135,"column":37}},"68":{"start":{"line":138,"column":2},"end":{"line":140,"column":3}},"69":{"start":{"line":142,"column":2},"end":{"line":144,"column":3}},"70":{"start":{"line":143,"column":4},"end":{"line":143,"column":13}},"71":{"start":{"line":146,"column":2},"end":{"line":148,"column":3}},"72":{"start":{"line":147,"column":4},"end":{"line":147,"column":13}},"73":{"start":{"line":150,"column":2},"end":{"line":150,"column":45}},"74":{"start":{"line":153,"column":0},"end":{"line":168,"column":3}},"75":{"start":{"line":155,"column":2},"end":{"line":157,"column":3}},"76":{"start":{"line":156,"column":4},"end":{"line":156,"column":48}},"77":{"start":{"line":159,"column":2},"end":{"line":159,"column":30}},"78":{"start":{"line":161,"column":2},"end":{"line":166,"column":3}},"79":{"start":{"line":162,"column":4},"end":{"line":162,"column":35}},"80":{"start":{"line":164,"column":4},"end":{"line":165,"column":23}},"81":{"start":{"line":170,"column":0},"end":{"line":170,"column":21}},"82":{"start":{"line":172,"column":0},"end":{"line":174,"column":3}},"83":{"start":{"line":173,"column":2},"end":{"line":173,"column":47}}},"branchMap":{"1":{"line":13,"type":"if","locations":[{"start":{"line":13,"column":2},"end":{"line":13,"column":2}},{"start":{"line":13,"column":2},"end":{"line":13,"column":2}}]},"2":{"line":28,"type":"if","locations":[{"start":{"line":28,"column":6},"end":{"line":28,"column":6}},{"start":{"line":28,"column":6},"end":{"line":28,"column":6}}]},"3":{"line":57,"type":"if","locations":[{"start":{"line":57,"column":4},"end":{"line":57,"column":4}},{"start":{"line":57,"column":4},"end":{"line":57,"column":4}}]},"4":{"line":130,"type":"if","locations":[{"start":{"line":130,"column":2},"end":{"line":130,"column":2}},{"start":{"line":130,"column":2},"end":{"line":130,"column":2}}]},"5":{"line":130,"type":"binary-expr","locations":[{"start":{"line":130,"column":6},"end":{"line":130,"column":27}},{"start":{"line":130,"column":31},"end":{"line":130,"column":39}}]},"6":{"line":134,"type":"if","locations":[{"start":{"line":134,"column":2},"end":{"line":134,"column":2}},{"start":{"line":134,"column":2},"end":{"line":134,"column":2}}]},"7":{"line":138,"type":"if","locations":[{"start":{"line":138,"column":2},"end":{"line":138,"column":2}},{"start":{"line":138,"column":2},"end":{"line":138,"column":2}}]},"8":{"line":142,"type":"if","locations":[{"start":{"line":142,"column":2},"end":{"line":142,"column":2}},{"start":{"line":142,"column":2},"end":{"line":142,"column":2}}]},"9":{"line":146,"type":"if","locations":[{"start":{"line":146,"column":2},"end":{"line":146,"column":2}},{"start":{"line":146,"column":2},"end":{"line":146,"column":2}}]},"10":{"line":155,"type":"if","locations":[{"start":{"line":155,"column":2},"end":{"line":155,"column":2}},{"start":{"line":155,"column":2},"end":{"line":155,"column":2}}]}}}}