TN:
SF:/home/thom/github/mygit/test/web/node/express/learn/app.js
FN:7,(anonymous_1)
FN:25,(anonymous_2)
FN:27,(anonymous_3)
FN:34,(anonymous_4)
FN:56,(anonymous_5)
FN:64,(anonymous_6)
FN:77,(anonymous_7)
FN:78,(anonymous_8)
FN:93,(anonymous_9)
FN:95,(anonymous_10)
FN:104,(anonymous_11)
FN:109,(anonymous_12)
FN:120,(anonymous_13)
FN:122,(anonymous_14)
FN:129,(anonymous_15)
FN:153,(anonymous_16)
FN:172,(anonymous_17)
FNF:17
FNH:3
FNDA:0,(anonymous_1)
FNDA:0,(anonymous_2)
FNDA:0,(anonymous_3)
FNDA:0,(anonymous_4)
FNDA:0,(anonymous_5)
FNDA:0,(anonymous_6)
FNDA:0,(anonymous_7)
FNDA:0,(anonymous_8)
FNDA:0,(anonymous_9)
FNDA:0,(anonymous_10)
FNDA:0,(anonymous_11)
FNDA:0,(anonymous_12)
FNDA:0,(anonymous_13)
FNDA:0,(anonymous_14)
FNDA:179,(anonymous_15)
FNDA:3,(anonymous_16)
FNDA:1,(anonymous_17)
DA:1,1
DA:3,1
DA:5,1
DA:7,1
DA:11,0
DA:13,0
DA:14,0
DA:15,0
DA:17,0
DA:22,1
DA:23,1
DA:25,1
DA:26,0
DA:28,0
DA:29,0
DA:32,0
DA:33,0
DA:34,0
DA:35,0
DA:36,0
DA:42,0
DA:48,1
DA:49,1
DA:51,1
DA:53,1
DA:55,1
DA:57,0
DA:58,0
DA:61,0
DA:62,0
DA:64,0
DA:65,0
DA:67,0
DA:68,0
DA:71,0
DA:75,0
DA:77,0
DA:78,0
DA:79,0
DA:80,0
DA:81,0
DA:82,0
DA:89,0
DA:90,0
DA:93,0
DA:94,0
DA:96,0
DA:97,0
DA:102,0
DA:104,0
DA:105,0
DA:106,0
DA:107,0
DA:108,0
DA:110,0
DA:111,0
DA:112,0
DA:116,0
DA:120,0
DA:121,0
DA:123,0
DA:124,0
DA:129,1
DA:130,179
DA:131,0
DA:134,179
DA:135,0
DA:138,179
DA:142,179
DA:143,35
DA:146,144
DA:147,56
DA:150,88
DA:153,1
DA:155,3
DA:156,0
DA:159,3
DA:161,3
DA:162,3
DA:164,0
DA:170,1
DA:172,1
DA:173,1
LF:83
LH:29
BRDA:13,1,0,0
BRDA:13,1,1,0
BRDA:28,2,0,0
BRDA:28,2,1,0
BRDA:57,3,0,0
BRDA:57,3,1,0
BRDA:130,4,0,0
BRDA:130,4,1,179
BRDA:130,5,0,179
BRDA:130,5,1,179
BRDA:134,6,0,0
BRDA:134,6,1,179
BRDA:138,7,0,0
BRDA:138,7,1,179
BRDA:142,8,0,35
BRDA:142,8,1,144
BRDA:146,9,0,56
BRDA:146,9,1,88
BRDA:155,10,0,0
BRDA:155,10,1,3
BRF:20
BRH:10
end_of_record
